<?xml version="1.0" encoding="UTF-8"?><testrun name="ToDoListTest" project="TodoList" tests="4" started="4" failures="0" errors="0" ignored="0">
  <testsuite name="ToDoListTest" time="0.047" uniqueid="[engine:junit-vintage]/[runner:ToDoListTest]">
    <testcase name="testAddTask" classname="ToDoListTest" time="0.0" displayname="testAddTask" uniqueid="[engine:junit-vintage]/[runner:ToDoListTest]/[test:testAddTask(ToDoListTest)]"/>
    <testcase name="testGetCompletedTasks" classname="ToDoListTest" time="0.016" displayname="testGetCompletedTasks" uniqueid="[engine:junit-vintage]/[runner:ToDoListTest]/[test:testGetCompletedTasks(ToDoListTest)]"/>
    <testcase name="testgetStatus" classname="ToDoListTest" time="0.031" displayname="testgetStatus" uniqueid="[engine:junit-vintage]/[runner:ToDoListTest]/[test:testgetStatus(ToDoListTest)]"/>
    <testcase name="testRemoveTask" classname="ToDoListTest" time="0.0" displayname="testRemoveTask" uniqueid="[engine:junit-vintage]/[runner:ToDoListTest]/[test:testRemoveTask(ToDoListTest)]"/>
  </testsuite>
</testrun>
